
/home/runner/work/exp-syntax-and-inference-iiith/exp-syntax-and-inference-iiith/experiment/simulation/js/decoding.js
    3:10  warning  'checkAnswer' is defined but never used  no-unused-vars
  291:10  warning  'initial' is defined but never used      no-unused-vars

/home/runner/work/exp-syntax-and-inference-iiith/exp-syntax-and-inference-iiith/experiment/simulation/js/demo.js
   3:10  warning  'show_expl' is defined but never used  no-unused-vars
   6:5   warning  'id' is not defined                    no-undef
   7:29  warning  'id' is not defined                    no-undef
  11:5   warning  'id' is not defined                    no-undef
  12:29  warning  'id' is not defined                    no-undef

/home/runner/work/exp-syntax-and-inference-iiith/exp-syntax-and-inference-iiith/experiment/simulation/js/sr-encoding.js
   27:10  warning  'checkAnswer' is defined but never used     no-unused-vars
  113:10  warning  'verifyCodeword' is defined but never used  no-unused-vars
  168:10  warning  'initial' is defined but never used         no-unused-vars

/home/runner/work/exp-syntax-and-inference-iiith/exp-syntax-and-inference-iiith/experiment/simulation/js/truth-table-1.js
   9:10  warning  'checkColumn' is defined but never used  no-unused-vars
  13:9   warning  'cell_id' is not defined                 no-undef
  14:41  warning  'cell_id' is not defined                 no-undef
  21:13  warning  'cell_id' is not defined                 no-undef
  22:37  warning  'cell_id' is not defined                 no-undef
  27:13  warning  'nxt' is not defined                     no-undef
  29:17  warning  'cell_id' is not defined                 no-undef
  29:27  warning  'nxt' is not defined                     no-undef
  30:41  warning  'cell_id' is not defined                 no-undef
  52:9   warning  'cell_id' is not defined                 no-undef
  53:33  warning  'cell_id' is not defined                 no-undef
  55:13  warning  'cell_id' is not defined                 no-undef
  56:37  warning  'cell_id' is not defined                 no-undef

✖ 23 problems (0 errors, 23 warnings)

